

SYSTEM_START	-	DESKTOP-AGMDB8M	DESKTOP-AGMDB8M	2024-03-26 15:22:55


SYSTEM_INFO	CarMaker 13.0.1 - Car_Generic #5	jetbrains@6be5821ad487 2024-01-30 13:19:45	(13.0.1 jetbrains@6be5821ad487 2024-01-30 13:11:23)
SIM	1711434177	DESKTOP-AGMDB8M	USER	day7_final	0	90.052	8.05138e-05


SYSTEM_START	-	DESKTOP-AGMDB8M	DESKTOP-AGMDB8M	2024-03-26 15:24:57


SYSTEM_INFO	CarMaker 13.0.1 - Car_Generic #5	jetbrains@6be5821ad487 2024-01-30 13:19:45	(13.0.1 jetbrains@6be5821ad487 2024-01-30 13:11:23)
SIM	1711434297	DESKTOP-AGMDB8M	USER	day7_final	0	225.038	0.00034801


SYSTEM_START	-	DESKTOP-AGMDB8M	DESKTOP-AGMDB8M	2024-03-26 15:25:21


SYSTEM_INFO	CarMaker 13.0.1 - Car_Generic #5	jetbrains@6be5821ad487 2024-01-30 13:19:45	(13.0.1 jetbrains@6be5821ad487 2024-01-30 13:11:23)
SIM	1711434322	DESKTOP-AGMDB8M	USER	day7_final	0	114.193	0.000118031


SYSTEM_START	-	DESKTOP-AGMDB8M	DESKTOP-AGMDB8M	2024-03-26 15:25:45


SYSTEM_INFO	CarMaker 13.0.1 - Car_Generic #5	jetbrains@6be5821ad487 2024-01-30 13:19:45	(13.0.1 jetbrains@6be5821ad487 2024-01-30 13:11:23)
SIM	1711434345	DESKTOP-AGMDB8M	USER	day7_final	0	93.315	8.52404e-05


SYSTEM_START	-	DESKTOP-AGMDB8M	DESKTOP-AGMDB8M	2024-03-26 15:26:10


SYSTEM_INFO	CarMaker 13.0.1 - Car_Generic #5	jetbrains@6be5821ad487 2024-01-30 13:19:45	(13.0.1 jetbrains@6be5821ad487 2024-01-30 13:11:23)
SIM	1711434370	DESKTOP-AGMDB8M	USER	day7_final	0	93.623	8.56924e-05


SYSTEM_START	-	DESKTOP-AGMDB8M	DESKTOP-AGMDB8M	2024-03-26 15:26:34


SYSTEM_INFO	CarMaker 13.0.1 - Car_Generic #5	jetbrains@6be5821ad487 2024-01-30 13:19:45	(13.0.1 jetbrains@6be5821ad487 2024-01-30 13:11:23)
SIM	1711434395	DESKTOP-AGMDB8M	USER	day7_final	0	77.636	6.35982e-05


SYSTEM_START	-	DESKTOP-AGMDB8M	DESKTOP-AGMDB8M	2024-03-26 15:28:24


SYSTEM_INFO	CarMaker 13.0.1 - Car_Generic #5	jetbrains@6be5821ad487 2024-01-30 13:19:45	(13.0.1 jetbrains@6be5821ad487 2024-01-30 13:11:23)
SIM	1711434504	DESKTOP-AGMDB8M	USER	day7_final	0	596.303	0.00155707


SYSTEM_START	-	DESKTOP-AGMDB8M	DESKTOP-AGMDB8M	2024-03-26 15:29:03


SYSTEM_INFO	CarMaker 13.0.1 - Car_Generic #5	jetbrains@6be5821ad487 2024-01-30 13:19:45	(13.0.1 jetbrains@6be5821ad487 2024-01-30 13:11:23)
SIM	1711434543	DESKTOP-AGMDB8M	USER	day7_final	0	45.803	2.88194e-05


SYSTEM_START	-	DESKTOP-AGMDB8M	DESKTOP-AGMDB8M	2024-03-27 08:40:43


SYSTEM_INFO	CarMaker 13.0.1 - Car_Generic #5	jetbrains@6be5821ad487 2024-01-30 13:19:45	(13.0.1 jetbrains@6be5821ad487 2024-01-30 13:11:23)
SIM	1711496444	DESKTOP-AGMDB8M	USER	day7_final	0	146.449	0.00017631


SYSTEM_START	-	DESKTOP-AGMDB8M	DESKTOP-AGMDB8M	2024-03-27 08:40:58


SYSTEM_INFO	CarMaker 13.0.1 - Car_Generic #5	jetbrains@6be5821ad487 2024-01-30 13:19:45	(13.0.1 jetbrains@6be5821ad487 2024-01-30 13:11:23)
SIM	1711496458	DESKTOP-AGMDB8M	USER	day7_final	0	96.693	9.02517e-05


SYSTEM_START	-	DESKTOP-AGMDB8M	DESKTOP-AGMDB8M	2024-03-27 08:42:12


SYSTEM_INFO	CarMaker 13.0.1 - Car_Generic #5	jetbrains@6be5821ad487 2024-01-30 13:19:45	(13.0.1 jetbrains@6be5821ad487 2024-01-30 13:11:23)
SIM	1711496532	DESKTOP-AGMDB8M	USER	day7_final	0	74.841	6.00338e-05


SYSTEM_START	-	DESKTOP-AGMDB8M	DESKTOP-AGMDB8M	2024-03-27 08:42:35


SYSTEM_INFO	CarMaker 13.0.1 - Car_Generic #5	jetbrains@6be5821ad487 2024-01-30 13:19:45	(13.0.1 jetbrains@6be5821ad487 2024-01-30 13:11:23)
SIM	1711496555	DESKTOP-AGMDB8M	USER	day7_final	0	120.305	0.000128407


SYSTEM_START	-	DESKTOP-AGMDB8M	DESKTOP-AGMDB8M	2024-03-27 09:00:43


SYSTEM_INFO	CarMaker 13.0.1 - Car_Generic #5	jetbrains@6be5821ad487 2024-01-30 13:19:45	(13.0.1 jetbrains@6be5821ad487 2024-01-30 13:11:23)
SIM	1711497643	DESKTOP-AGMDB8M	USER	day7_final	0	1043.48	0.00382222


SYSTEM_START	-	DESKTOP-AGMDB8M	DESKTOP-AGMDB8M	2024-03-27 09:01:31


SYSTEM_INFO	CarMaker 13.0.1 - Car_Generic #5	jetbrains@6be5821ad487 2024-01-30 13:19:45	(13.0.1 jetbrains@6be5821ad487 2024-01-30 13:11:23)
SIM	1711497691	DESKTOP-AGMDB8M	USER	day7_final	0	173.544	0.000231257


SYSTEM_START	-	DESKTOP-AGMDB8M	DESKTOP-AGMDB8M	2024-03-27 09:30:52


SYSTEM_INFO	CarMaker 13.0.1 - Car_Generic #5	jetbrains@6be5821ad487 2024-01-30 13:19:45	(13.0.1 jetbrains@6be5821ad487 2024-01-30 13:11:23)
SIM	1711499452	DESKTOP-AGMDB8M	USER	day7_final	0	91.523	8.26306e-05


SYSTEM_START	-	DESKTOP-AGMDB8M	DESKTOP-AGMDB8M	2024-03-27 13:44:43


SYSTEM_INFO	CarMaker 13.0.1 - Car_Generic #5	jetbrains@6be5821ad487 2024-01-30 13:19:45	(13.0.1 jetbrains@6be5821ad487 2024-01-30 13:11:23)
SIM	1711514684	DESKTOP-AGMDB8M	USER	day7_final	0	4210.17	0.0224292


SYSTEM_START	-	DESKTOP-AGMDB8M	DESKTOP-AGMDB8M	2024-03-27 14:40:32


SYSTEM_INFO	CarMaker 13.0.1 - Car_Generic #5	jetbrains@6be5821ad487 2024-01-30 13:19:45	(13.0.1 jetbrains@6be5821ad487 2024-01-30 13:11:23)
SIM	1711518034	DESKTOP-AGMDB8M	USER	day7_final	0	10	6.826e-06


SYSTEM_START	-	DESKTOP-AGMDB8M	DESKTOP-AGMDB8M	2024-03-27 14:41:31


SYSTEM_INFO	CarMaker 13.0.1 - Car_Generic #5	jetbrains@6be5821ad487 2024-01-30 13:19:45	(13.0.1 jetbrains@6be5821ad487 2024-01-30 13:11:23)
SIM	1711518091	DESKTOP-AGMDB8M	USER	day7_final	0	10	6.826e-06


SYSTEM_START	-	DESKTOP-AGMDB8M	DESKTOP-AGMDB8M	2024-03-27 14:41:40


SYSTEM_INFO	CarMaker 13.0.1 - Car_Generic #5	jetbrains@6be5821ad487 2024-01-30 13:19:45	(13.0.1 jetbrains@6be5821ad487 2024-01-30 13:11:23)
SIM	1711518100	DESKTOP-AGMDB8M	USER	day7_final	0	10	6.826e-06


SYSTEM_START	-	DESKTOP-AGMDB8M	DESKTOP-AGMDB8M	2024-03-27 14:41:53


SYSTEM_INFO	CarMaker 13.0.1 - Car_Generic #5	jetbrains@6be5821ad487 2024-01-30 13:19:45	(13.0.1 jetbrains@6be5821ad487 2024-01-30 13:11:23)
SIM	1711518113	DESKTOP-AGMDB8M	USER	day7_final	0	10	6.826e-06


SYSTEM_START	-	DESKTOP-AGMDB8M	DESKTOP-AGMDB8M	2024-03-27 14:45:24


SYSTEM_INFO	CarMaker 13.0.1 - Car_Generic #5	jetbrains@6be5821ad487 2024-01-30 13:19:45	(13.0.1 jetbrains@6be5821ad487 2024-01-30 13:11:23)
SIM	1711518325	DESKTOP-AGMDB8M	USER	day7_final	0	305.531	0.000557556


SYSTEM_START	-	DESKTOP-AGMDB8M	DESKTOP-AGMDB8M	2024-03-27 14:46:32


SYSTEM_INFO	CarMaker 13.0.1 - Car_Generic #5	jetbrains@6be5821ad487 2024-01-30 13:19:45	(13.0.1 jetbrains@6be5821ad487 2024-01-30 13:11:23)
SIM	1711518392	DESKTOP-AGMDB8M	USER	day7_final	0	237.259	0.000377812
