APPLICATION	CarMaker 13.0.1 - Car_Generic #5 (win64-13.0.1)
COMPILED	jetbrains@6be5821ad487 2024-01-30 13:19:45
 
		I/O Configuration: default
SIM_START	day7_final	2024-03-26 15:22:57
TIME	0.001
		Current random seed value = 1711434177
TIME	0.000
SIMULATE	day7_final

TIME	90.055
SIM_END		day7_final	90.052s	8.05138e-05m
APPLICATION	CarMaker 13.0.1 - Car_Generic #5 (win64-13.0.1)
COMPILED	jetbrains@6be5821ad487 2024-01-30 13:19:45
 
		I/O Configuration: default
SIM_START	day7_final	2024-03-26 15:24:57
TIME	0.001
		Current random seed value = 1711434297
TIME	0.000
SIMULATE	day7_final

TIME	225.041
SIM_END		day7_final	225.038s	0.00034801m
APPLICATION	CarMaker 13.0.1 - Car_Generic #5 (win64-13.0.1)
COMPILED	jetbrains@6be5821ad487 2024-01-30 13:19:45
 
		I/O Configuration: default
SIM_START	day7_final	2024-03-26 15:25:22
TIME	0.001
		Current random seed value = 1711434322
TIME	0.000
SIMULATE	day7_final

TIME	114.196
SIM_END		day7_final	114.193s	0.000118031m
APPLICATION	CarMaker 13.0.1 - Car_Generic #5 (win64-13.0.1)
COMPILED	jetbrains@6be5821ad487 2024-01-30 13:19:45
 
		I/O Configuration: default
SIM_START	day7_final	2024-03-26 15:25:45
TIME	0.001
		Current random seed value = 1711434345
TIME	0.000
SIMULATE	day7_final

TIME	93.318
SIM_END		day7_final	93.315s	8.52404e-05m
APPLICATION	CarMaker 13.0.1 - Car_Generic #5 (win64-13.0.1)
COMPILED	jetbrains@6be5821ad487 2024-01-30 13:19:45
 
		I/O Configuration: default
SIM_START	day7_final	2024-03-26 15:26:10
TIME	0.001
		Current random seed value = 1711434370
TIME	0.000
SIMULATE	day7_final

TIME	93.626
SIM_END		day7_final	93.623s	8.56924e-05m
APPLICATION	CarMaker 13.0.1 - Car_Generic #5 (win64-13.0.1)
COMPILED	jetbrains@6be5821ad487 2024-01-30 13:19:45
 
		I/O Configuration: default
SIM_START	day7_final	2024-03-26 15:26:35
TIME	0.001
		Current random seed value = 1711434395
TIME	0.000
SIMULATE	day7_final

TIME	77.639
SIM_END		day7_final	77.636s	6.35982e-05m
APPLICATION	CarMaker 13.0.1 - Car_Generic #5 (win64-13.0.1)
COMPILED	jetbrains@6be5821ad487 2024-01-30 13:19:45
 
		I/O Configuration: default
SIM_START	day7_final	2024-03-26 15:28:24
TIME	0.001
		Current random seed value = 1711434504
TIME	0.000
SIMULATE	day7_final

TIME	596.306
SIM_END		day7_final	596.303s	0.00155707m
APPLICATION	CarMaker 13.0.1 - Car_Generic #5 (win64-13.0.1)
COMPILED	jetbrains@6be5821ad487 2024-01-30 13:19:45
 
		I/O Configuration: default
SIM_START	day7_final	2024-03-26 15:29:03
TIME	0.001
		Current random seed value = 1711434543
TIME	0.000
SIMULATE	day7_final

TIME	45.806
SIM_END		day7_final	45.803s	2.88194e-05m
APPLICATION	CarMaker 13.0.1 - Car_Generic #5 (win64-13.0.1)
COMPILED	jetbrains@6be5821ad487 2024-01-30 13:19:45
 
		I/O Configuration: default
SIM_START	day7_final	2024-03-27 08:40:44
TIME	0.001
		Current random seed value = 1711496444
TIME	0.000
SIMULATE	day7_final

TIME	146.452
SIM_END		day7_final	146.449s	0.00017631m
APPLICATION	CarMaker 13.0.1 - Car_Generic #5 (win64-13.0.1)
COMPILED	jetbrains@6be5821ad487 2024-01-30 13:19:45
 
		I/O Configuration: default
SIM_START	day7_final	2024-03-27 08:40:58
TIME	0.001
		Current random seed value = 1711496458
TIME	0.000
SIMULATE	day7_final

TIME	96.696
SIM_END		day7_final	96.693s	9.02517e-05m
APPLICATION	CarMaker 13.0.1 - Car_Generic #5 (win64-13.0.1)
COMPILED	jetbrains@6be5821ad487 2024-01-30 13:19:45
 
		I/O Configuration: default
SIM_START	day7_final	2024-03-27 08:42:12
TIME	0.001
		Current random seed value = 1711496532
TIME	0.000
SIMULATE	day7_final

TIME	74.844
SIM_END		day7_final	74.841s	6.00338e-05m
APPLICATION	CarMaker 13.0.1 - Car_Generic #5 (win64-13.0.1)
COMPILED	jetbrains@6be5821ad487 2024-01-30 13:19:45
 
		I/O Configuration: default
SIM_START	day7_final	2024-03-27 08:42:35
TIME	0.001
		Current random seed value = 1711496555
TIME	0.000
SIMULATE	day7_final

TIME	120.308
SIM_END		day7_final	120.305s	0.000128407m
APPLICATION	CarMaker 13.0.1 - Car_Generic #5 (win64-13.0.1)
COMPILED	jetbrains@6be5821ad487 2024-01-30 13:19:45
 
		I/O Configuration: default
SIM_START	day7_final	2024-03-27 09:00:43
TIME	0.001
		Current random seed value = 1711497643
TIME	0.000
SIMULATE	day7_final

TIME	1043.485
SIM_END		day7_final	1043.48s	0.00382222m
APPLICATION	CarMaker 13.0.1 - Car_Generic #5 (win64-13.0.1)
COMPILED	jetbrains@6be5821ad487 2024-01-30 13:19:45
 
		I/O Configuration: default
SIM_START	day7_final	2024-03-27 09:01:31
TIME	0.001
		Current random seed value = 1711497691
TIME	0.000
SIMULATE	day7_final

TIME	173.547
SIM_END		day7_final	173.544s	0.000231257m
APPLICATION	CarMaker 13.0.1 - Car_Generic #5 (win64-13.0.1)
COMPILED	jetbrains@6be5821ad487 2024-01-30 13:19:45
 
		I/O Configuration: default
SIM_START	day7_final	2024-03-27 09:30:52
TIME	0.001
		Current random seed value = 1711499452
TIME	0.000
SIMULATE	day7_final

TIME	91.526
SIM_END		day7_final	91.523s	8.26306e-05m
APPLICATION	CarMaker 13.0.1 - Car_Generic #5 (win64-13.0.1)
COMPILED	jetbrains@6be5821ad487 2024-01-30 13:19:45
 
		I/O Configuration: default
SIM_START	day7_final	2024-03-27 13:44:44
TIME	0.001
		Current random seed value = 1711514684
TIME	0.000
SIMULATE	day7_final

TIME	4210.171
SIM_END		day7_final	4210.17s	0.0224292m
